2026-07-18T15:15:00.061686Z  INFO herdr::api::server: api server listening path=/home/arangel/.config/herdr/herdr.sock
2026-07-18T15:15:00.064316Z  INFO herdr::app: using pane scrollback configuration pane_scrollback_limit_bytes=10000000
2026-07-18T15:15:00.170144Z  INFO herdr::logging: checking for updates event="update.check.start" subsystem="update" outcome="started"
2026-07-18T15:15:00.182595Z  INFO herdr::logging: spawning pane terminal event="pane.spawn.start" subsystem="pane" outcome="started" pane_id=1 rows=24 cols=80 scrollback_limit_bytes=10000000
2026-07-18T15:15:00.188180Z  INFO herdr::logging: pane child spawned event="pane.spawned" subsystem="pane" outcome="ok" pane_id=1 pid=23475
2026-07-18T15:15:00.189225Z  INFO herdr::logging: workspace created event="workspace.create" subsystem="workspace" outcome="ok" workspace_id="w1" pane_id=1
2026-07-18T15:15:00.189266Z  INFO herdr::logging: workspace focused event="workspace.focus" subsystem="workspace" outcome="ok" workspace_id="w1"
2026-07-18T15:15:00.189294Z  INFO herdr::logging: tab focused event="tab.focus" subsystem="tab" outcome="ok" workspace_id="w1" tab_id="w1:t1"
2026-07-18T15:15:00.189326Z  INFO herdr::server::headless: created startup workspace cwd=/home/arangel
2026-07-18T15:15:00.189607Z  INFO herdr::server::headless: client protocol socket listening path=/home/arangel/.config/herdr/herdr-client.sock
2026-07-18T15:15:00.189704Z  INFO herdr::server::headless: herdr server started api_socket=/home/arangel/.config/herdr/herdr.sock client_socket=/home/arangel/.config/herdr/herdr-client.sock
2026-07-18T15:15:00.189762Z  INFO herdr::logging: herdr starting event="app.startup" subsystem="server" outcome="started" pid=23463
2026-07-18T15:15:00.370406Z  INFO herdr::server::headless: client connected client_id=2 cols=236 rows=50 cell_width_px=0 cell_height_px=0 render_encoding=SemanticFrame
2026-07-18T15:15:05.192939Z  INFO herdr::logging: session saved event="persist.save" subsystem="persist" outcome="ok" path=/home/arangel/.config/herdr/session.json workspaces=1
2026-07-18T15:15:13.593545Z  INFO herdr::logging: spawning pane terminal event="pane.spawn.start" subsystem="pane" outcome="started" pane_id=2 rows=49 cols=210 scrollback_limit_bytes=10000000
2026-07-18T15:15:13.604871Z  INFO herdr::logging: pane child spawned event="pane.spawned" subsystem="pane" outcome="ok" pane_id=2 pid=23594
2026-07-18T15:15:13.606735Z  INFO herdr::logging: tab focused event="tab.focus" subsystem="tab" outcome="ok" workspace_id="w1" tab_id="w1:t1"
2026-07-18T15:15:18.624561Z  INFO herdr::logging: session saved event="persist.save" subsystem="persist" outcome="ok" path=/home/arangel/.config/herdr/session.json workspaces=1
2026-07-18T15:15:19.121557Z  INFO herdr::logging: pane child exited event="pane.exit" subsystem="pane" outcome="completed" pane_id=2 status="ExitStatus { code: 0, signal: None }"
2026-07-18T15:15:19.135191Z  INFO herdr::pane: pane session terminated pane=2 pid=23594 signal=Hangup
2026-07-18T15:15:18.585416Z  INFO herdr::logging: spawning pane terminal event="pane.spawn.start" subsystem="pane" outcome="started" pane_id=3 rows=49 cols=210 scrollback_limit_bytes=10000000
2026-07-18T15:15:18.602840Z  INFO herdr::logging: pane child spawned event="pane.spawned" subsystem="pane" outcome="ok" pane_id=3 pid=23618
2026-07-18T15:15:18.605992Z  INFO herdr::logging: tab focused event="tab.focus" subsystem="tab" outcome="ok" workspace_id="w1" tab_id="w1:t1"
2026-07-18T15:15:23.614294Z  INFO herdr::logging: session saved event="persist.save" subsystem="persist" outcome="ok" path=/home/arangel/.config/herdr/session.json workspaces=1
2026-07-18T15:16:29.610637Z  WARN herdr::raw_input: flushing lone escape after input timeout; if this follows an alt chord or focus switch it may reach the pane as plain esc bytes=[27]
2026-07-18T15:16:31.878475Z  WARN herdr::raw_input: flushing lone escape after input timeout; if this follows an alt chord or focus switch it may reach the pane as plain esc bytes=[27]
2026-07-18T15:16:40.282225Z  WARN herdr::raw_input: flushing lone escape after input timeout; if this follows an alt chord or focus switch it may reach the pane as plain esc bytes=[27]
2026-07-18T15:16:43.067326Z  WARN herdr::raw_input: flushing lone escape after input timeout; if this follows an alt chord or focus switch it may reach the pane as plain esc bytes=[27]
2026-07-18T15:16:46.111678Z  WARN herdr::raw_input: flushing lone escape after input timeout; if this follows an alt chord or focus switch it may reach the pane as plain esc bytes=[27]
2026-07-18T15:17:06.690762Z  WARN herdr::raw_input: flushing lone escape after input timeout; if this follows an alt chord or focus switch it may reach the pane as plain esc bytes=[27]
2026-07-18T15:17:08.914673Z  WARN herdr::raw_input: flushing lone escape after input timeout; if this follows an alt chord or focus switch it may reach the pane as plain esc bytes=[27]
2026-07-18T15:17:10.834106Z  WARN herdr::raw_input: flushing lone escape after input timeout; if this follows an alt chord or focus switch it may reach the pane as plain esc bytes=[27]
2026-07-18T15:17:15.922235Z  WARN herdr::raw_input: flushing lone escape after input timeout; if this follows an alt chord or focus switch it may reach the pane as plain esc bytes=[27]
2026-07-18T15:17:28.283077Z  WARN herdr::raw_input: flushing lone escape after input timeout; if this follows an alt chord or focus switch it may reach the pane as plain esc bytes=[27]
2026-07-18T15:17:32.436084Z  WARN herdr::raw_input: flushing lone escape after input timeout; if this follows an alt chord or focus switch it may reach the pane as plain esc bytes=[27]
2026-07-18T15:17:36.321384Z  WARN herdr::raw_input: flushing lone escape after input timeout; if this follows an alt chord or focus switch it may reach the pane as plain esc bytes=[27]
2026-07-18T15:17:40.042347Z  WARN herdr::raw_input: flushing lone escape after input timeout; if this follows an alt chord or focus switch it may reach the pane as plain esc bytes=[27]
2026-07-18T15:17:46.010102Z  WARN herdr::raw_input: flushing lone escape after input timeout; if this follows an alt chord or focus switch it may reach the pane as plain esc bytes=[27]
2026-07-18T15:17:48.409603Z  WARN herdr::raw_input: flushing lone escape after input timeout; if this follows an alt chord or focus switch it may reach the pane as plain esc bytes=[27]
2026-07-18T15:17:56.419963Z  WARN herdr::raw_input: flushing lone escape after input timeout; if this follows an alt chord or focus switch it may reach the pane as plain esc bytes=[27]
2026-07-18T15:17:59.404462Z  WARN herdr::raw_input: flushing lone escape after input timeout; if this follows an alt chord or focus switch it may reach the pane as plain esc bytes=[27]
2026-07-18T15:18:01.775924Z  WARN herdr::raw_input: flushing lone escape after input timeout; if this follows an alt chord or focus switch it may reach the pane as plain esc bytes=[27]
2026-07-18T15:18:02.106333Z  WARN herdr::raw_input: flushing lone escape after input timeout; if this follows an alt chord or focus switch it may reach the pane as plain esc bytes=[27]
2026-07-18T15:18:10.489814Z  INFO herdr::logging: tab focused event="tab.focus" subsystem="tab" outcome="ok" workspace_id="w1" tab_id="w1:t1"
2026-07-18T15:18:15.503166Z  INFO herdr::logging: session saved event="persist.save" subsystem="persist" outcome="ok" path=/home/arangel/.config/herdr/session.json workspaces=1
2026-07-18T15:18:18.676905Z  INFO herdr::logging: tab focused event="tab.focus" subsystem="tab" outcome="ok" workspace_id="w1" tab_id="w1:t1"
2026-07-18T15:18:20.633424Z  INFO herdr::logging: pane child exited event="pane.exit" subsystem="pane" outcome="completed" pane_id=3 status="ExitStatus { code: 0, signal: None }"
2026-07-18T15:18:20.641796Z  INFO herdr::pane: pane session terminated pane=3 pid=23618 signal=Hangup
2026-07-18T15:18:23.157426Z  WARN herdr::raw_input: flushing lone escape after input timeout; if this follows an alt chord or focus switch it may reach the pane as plain esc bytes=[27]
2026-07-18T15:18:25.598339Z  INFO herdr::server::headless: client detach requested via keybind client_id=2
2026-07-18T15:18:25.627871Z  INFO herdr::server::headless: client disconnected client_id=2
2026-07-18T15:18:25.645351Z  INFO herdr::logging: session saved event="persist.save" subsystem="persist" outcome="ok" path=/home/arangel/.config/herdr/session.json workspaces=1
2026-07-18T17:08:42.519949Z  INFO herdr::api::server: api server listening path=/home/arangel/.config/herdr/herdr.sock
2026-07-18T17:08:42.542333Z  INFO herdr::logging: spawning pane terminal event="pane.spawn.start" subsystem="pane" outcome="started" pane_id=1 rows=24 cols=80 scrollback_limit_bytes=10000000
2026-07-18T17:08:42.560605Z  INFO herdr::logging: pane child spawned event="pane.spawned" subsystem="pane" outcome="ok" pane_id=1 pid=33134
2026-07-18T17:08:42.563981Z  INFO herdr::logging: session restore evaluated event="persist.restore" subsystem="persist" outcome="ok" workspaces=1
2026-07-18T17:08:42.564278Z  INFO herdr::app: using pane scrollback configuration pane_scrollback_limit_bytes=10000000
2026-07-18T17:08:42.671352Z  INFO herdr::logging: checking for updates event="update.check.start" subsystem="update" outcome="started"
2026-07-18T17:08:42.685179Z  INFO herdr::server::headless: restored session already has workspaces; ignoring startup cwd cwd=/home/arangel
2026-07-18T17:08:42.686136Z  INFO herdr::server::headless: client protocol socket listening path=/home/arangel/.config/herdr/herdr-client.sock
2026-07-18T17:08:42.686556Z  INFO herdr::server::headless: herdr server started api_socket=/home/arangel/.config/herdr/herdr.sock client_socket=/home/arangel/.config/herdr/herdr-client.sock
2026-07-18T17:08:42.686813Z  INFO herdr::logging: herdr starting event="app.startup" subsystem="server" outcome="started" pid=33128
2026-07-18T17:08:42.761785Z  INFO herdr::server::headless: client connected client_id=2 cols=236 rows=50 cell_width_px=0 cell_height_px=0 render_encoding=SemanticFrame
2026-07-18T17:08:47.246490Z  WARN herdr::raw_input: flushing lone escape after input timeout; if this follows an alt chord or focus switch it may reach the pane as plain esc bytes=[27]
2026-07-18T17:09:57.762333Z  WARN herdr::raw_input: flushing lone escape after input timeout; if this follows an alt chord or focus switch it may reach the pane as plain esc bytes=[27]
2026-07-18T17:09:57.625473Z  INFO herdr::server::headless: client detach requested via keybind client_id=2
2026-07-18T17:09:57.648605Z  INFO herdr::server::headless: client disconnected client_id=2
